{"/Users/Eliza_Aghasyan/Desktop/phishjail-api/node-server/logger.js": {"path":"/Users/Eliza_Aghasyan/Desktop/phishjail-api/node-server/logger.js","statementMap":{"0":{"start":{"line":3,"column":18},"end":{"line":8,"column":1}},"1":{"start":{"line":6,"column":4},"end":{"line":6,"column":49}},"2":{"start":{"line":10,"column":23},"end":{"line":16,"column":2}}},"fnMap":{"0":{"name":"(anonymous_0)","decl":{"start":{"line":5,"column":24},"end":{"line":5,"column":25}},"loc":{"start":{"line":5,"column":59},"end":{"line":7,"column":3}},"line":5}},"branchMap":{},"s":{"0":1,"1":0,"2":1},"f":{"0":0},"b":{},"_coverageSchema":"1a1c01bbd47fc00a2c39e90264f33305004495a9","hash":"95b0fa0be084d5a1eb9b0afd6e7cb7d59884547d"}
,"/Users/Eliza_Aghasyan/Desktop/phishjail-api/node-server/controllers/alert.js": {"path":"/Users/Eliza_Aghasyan/Desktop/phishjail-api/node-server/controllers/alert.js","statementMap":{"0":{"start":{"line":2,"column":12},"end":{"line":2,"column":27}},"1":{"start":{"line":6,"column":2},"end":{"line":24,"column":3}},"2":{"start":{"line":8,"column":6},"end":{"line":8,"column":127}},"3":{"start":{"line":9,"column":6},"end":{"line":9,"column":12}},"4":{"start":{"line":11,"column":6},"end":{"line":11,"column":133}},"5":{"start":{"line":12,"column":6},"end":{"line":12,"column":12}},"6":{"start":{"line":14,"column":6},"end":{"line":14,"column":130}},"7":{"start":{"line":15,"column":6},"end":{"line":15,"column":12}},"8":{"start":{"line":17,"column":6},"end":{"line":17,"column":137}},"9":{"start":{"line":18,"column":6},"end":{"line":18,"column":12}},"10":{"start":{"line":20,"column":6},"end":{"line":20,"column":161}},"11":{"start":{"line":21,"column":6},"end":{"line":21,"column":12}},"12":{"start":{"line":23,"column":6},"end":{"line":23,"column":183}},"13":{"start":{"line":26,"column":2},"end":{"line":28,"column":3}},"14":{"start":{"line":27,"column":4},"end":{"line":27,"column":107}},"15":{"start":{"line":29,"column":2},"end":{"line":29,"column":111}},"16":{"start":{"line":30,"column":2},"end":{"line":30,"column":34}},"17":{"start":{"line":32,"column":2},"end":{"line":32,"column":17}},"18":{"start":{"line":35,"column":21},"end":{"line":56,"column":1}},"19":{"start":{"line":36,"column":2},"end":{"line":55,"column":3}},"20":{"start":{"line":37,"column":4},"end":{"line":37,"column":54}},"21":{"start":{"line":39,"column":4},"end":{"line":42,"column":5}},"22":{"start":{"line":40,"column":6},"end":{"line":40,"column":107}},"23":{"start":{"line":41,"column":6},"end":{"line":41,"column":63}},"24":{"start":{"line":44,"column":23},"end":{"line":44,"column":61}},"25":{"start":{"line":46,"column":4},"end":{"line":52,"column":5}},"26":{"start":{"line":47,"column":6},"end":{"line":47,"column":32}},"27":{"start":{"line":48,"column":6},"end":{"line":48,"column":56}},"28":{"start":{"line":50,"column":6},"end":{"line":50,"column":27}},"29":{"start":{"line":51,"column":6},"end":{"line":51,"column":62}},"30":{"start":{"line":54,"column":4},"end":{"line":54,"column":14}}},"fnMap":{"0":{"name":"generateAlertMessage","decl":{"start":{"line":4,"column":9},"end":{"line":4,"column":29}},"loc":{"start":{"line":4,"column":41},"end":{"line":33,"column":1}},"line":4},"1":{"name":"(anonymous_1)","decl":{"start":{"line":35,"column":21},"end":{"line":35,"column":22}},"loc":{"start":{"line":35,"column":47},"end":{"line":56,"column":1}},"line":35}},"branchMap":{"0":{"loc":{"start":{"line":6,"column":2},"end":{"line":24,"column":3}},"type":"switch","locations":[{"start":{"line":7,"column":4},"end":{"line":9,"column":12}},{"start":{"line":10,"column":4},"end":{"line":12,"column":12}},{"start":{"line":13,"column":4},"end":{"line":15,"column":12}},{"start":{"line":16,"column":4},"end":{"line":18,"column":12}},{"start":{"line":19,"column":4},"end":{"line":21,"column":12}},{"start":{"line":22,"column":4},"end":{"line":23,"column":183}}],"line":6},"1":{"loc":{"start":{"line":26,"column":2},"end":{"line":28,"column":3}},"type":"if","locations":[{"start":{"line":26,"column":2},"end":{"line":28,"column":3}},{"start":{},"end":{}}],"line":26},"2":{"loc":{"start":{"line":26,"column":6},"end":{"line":26,"column":52}},"type":"binary-expr","locations":[{"start":{"line":26,"column":6},"end":{"line":26,"column":29}},{"start":{"line":26,"column":33},"end":{"line":26,"column":52}}],"line":26},"3":{"loc":{"start":{"line":39,"column":4},"end":{"line":42,"column":5}},"type":"if","locations":[{"start":{"line":39,"column":4},"end":{"line":42,"column":5}},{"start":{},"end":{}}],"line":39},"4":{"loc":{"start":{"line":39,"column":8},"end":{"line":39,"column":35}},"type":"binary-expr","locations":[{"start":{"line":39,"column":8},"end":{"line":39,"column":11}},{"start":{"line":39,"column":15},"end":{"line":39,"column":35}}],"line":39}},"s":{"0":1,"1":1,"2":0,"3":0,"4":0,"5":0,"6":0,"7":0,"8":0,"9":0,"10":0,"11":0,"12":0,"13":0,"14":0,"15":0,"16":0,"17":0,"18":1,"19":1,"20":1,"21":1,"22":0,"23":0,"24":1,"25":0,"26":0,"27":0,"28":0,"29":0,"30":1},"f":{"0":1,"1":1},"b":{"0":[0,0,0,0,0,0],"1":[0,0],"2":[0,0],"3":[0,1],"4":[1,0]},"_coverageSchema":"1a1c01bbd47fc00a2c39e90264f33305004495a9","hash":"2061af9d7bc81236729d7e3398f6be4e3a835aad"}
}
