TN:
SF:logger.js
FN:5,(anonymous_0)
FNF:1
FNH:0
FNDA:0,(anonymous_0)
DA:3,1
DA:6,0
DA:10,1
LF:3
LH:2
BRF:0
BRH:0
end_of_record
TN:
SF:controllers/alert.js
FN:4,generateAlertMessage
FN:35,(anonymous_1)
FNF:2
FNH:2
FNDA:1,generateAlertMessage
FNDA:1,(anonymous_1)
DA:2,1
DA:6,1
DA:8,0
DA:9,0
DA:11,0
DA:12,0
DA:14,0
DA:15,0
DA:17,0
DA:18,0
DA:20,0
DA:21,0
DA:23,0
DA:26,0
DA:27,0
DA:29,0
DA:30,0
DA:32,0
DA:35,1
DA:36,1
DA:37,1
DA:39,1
DA:40,0
DA:41,0
DA:44,1
DA:46,0
DA:47,0
DA:48,0
DA:50,0
DA:51,0
DA:54,1
LF:31
LH:8
BRDA:6,0,0,0
BRDA:6,0,1,0
BRDA:6,0,2,0
BRDA:6,0,3,0
BRDA:6,0,4,0
BRDA:6,0,5,0
BRDA:26,1,0,0
BRDA:26,1,1,0
BRDA:26,2,0,0
BRDA:26,2,1,0
BRDA:39,3,0,0
BRDA:39,3,1,1
BRDA:39,4,0,1
BRDA:39,4,1,0
BRF:14
BRH:2
end_of_record
